nohup: ignoring input
------9001------
load data...
2500000
delete zero..
2130233
merge...
2130233
code...
split...
write...
1
2
3
finish!
------9012------
load data...
2500000
delete zero..
2235721
merge...
2235721
code...
split...
write...
1
2
3
finish!
------9047------
load data...
2500000
delete zero..
923114
merge...
923114
code...
split...
write...
1
2
3
finish!
------9130------
load data...
2500000
delete zero..
1974404
merge...
1974404
code...
split...
write...
1
2
3
finish!
------9299------
load data...
2500000
delete zero..
2217288
merge...
2217288
code...
split...
write...
1
2
3
finish!
------9461------
load data...
2500000
delete zero..
1254496
merge...
1254496
code...
split...
write...
1
2
3
finish!
------9483------
load data...
317100
delete zero..
246349
merge...
246349
code...
split...
write...
1
2
3
finish!
------9542------
load data...
2500000
delete zero..
1565931
merge...
1565931
code...
split...
write...
1
2
3
finish!
------9705------
load data...
2500000
delete zero..
2355409
merge...
2355409
code...
split...
write...
1
2
3
finish!
------9771------
load data...
178600
delete zero..
114731
merge...
114731
code...
split...
write...
1
2
3
finish!
